<?xml version="1.0" encoding="UTF-8" ?>
<testsuite tests="11" failures="0" name="org.mitre.bonnie.cqlTranslationServer.TranslationResourceTest" time="4.903" errors="0" skipped="0">
  <properties>
[...]
</properties>
  <testcase classname="org.mitre.bonnie.cqlTranslationServer.TranslationResourceTest" name="testInvalidCqlAsXml" time="3.208"/>
  <testcase classname="org.mitre.bonnie.cqlTranslationServer.TranslationResourceTest" name="testInvalidCqlAsJson" time="0.16"/>
  <testcase classname="org.mitre.bonnie.cqlTranslationServer.TranslationResourceTest" name="testMissingLibraryAsJson" time="0.285"/>
  <testcase classname="org.mitre.bonnie.cqlTranslationServer.TranslationResourceTest" name="testValidLibraryAsJson" time="0.135"/>
  <testcase classname="org.mitre.bonnie.cqlTranslationServer.TranslationResourceTest" name="testValidLibraryAsJsonWithAnnotationsAndResultTypes" time="0.166"/>
  <testcase classname="org.mitre.bonnie.cqlTranslationServer.TranslationResourceTest" name="testInvalidListPromotionExistsAsJson" time="0.317"/>
  <testcase classname="org.mitre.bonnie.cqlTranslationServer.TranslationResourceTest" name="testInvalidListPromotionInAsJson" time="0.134"/>
  <testcase classname="org.mitre.bonnie.cqlTranslationServer.TranslationResourceTest" name="testValidListPromotionInAsJson" time="0.135"/>
  <testcase classname="org.mitre.bonnie.cqlTranslationServer.TranslationResourceTest" name="testValidListPromotionExistsAsJson" time="0.11"/>
  <testcase classname="org.mitre.bonnie.cqlTranslationServer.TranslationResourceTest" name="testSingleLibraryAsMultipart" time="0.106"/>
  <testcase classname="org.mitre.bonnie.cqlTranslationServer.TranslationResourceTest" name="testCrossLibraryResolution" time="0.147"/>
</testsuite>